2022-11-15 13:10:16.503  INFO 3000 --- [restartedMain] com.student.ust.UstApplication           : Starting UstApplication using Java 1.8.0_241 on ustfsd63 with PID 3000 (C:\Users\ustjavafsdb208\Downloads\ust\target\classes started by ustjavafsdb208 in C:\Users\ustjavafsdb208\Downloads\ust)
2022-11-15 13:10:16.512 DEBUG 3000 --- [restartedMain] com.student.ust.UstApplication           : Running with Spring Boot v2.7.5, Spring v5.3.23
2022-11-15 13:10:16.513  INFO 3000 --- [restartedMain] com.student.ust.UstApplication           : The following 1 profile is active: "dev"
2022-11-15 13:10:16.663  INFO 3000 --- [restartedMain] .e.DevToolsPropertyDefaultsPostProcessor : Devtools property defaults active! Set 'spring.devtools.add-properties' to 'false' to disable
2022-11-15 13:10:16.665  INFO 3000 --- [restartedMain] .e.DevToolsPropertyDefaultsPostProcessor : For additional web related logging consider setting the 'logging.level.web' property to 'DEBUG'
2022-11-15 13:10:18.292  INFO 3000 --- [restartedMain] .s.d.r.c.RepositoryConfigurationDelegate : Bootstrapping Spring Data JPA repositories in DEFAULT mode.
2022-11-15 13:10:18.409  INFO 3000 --- [restartedMain] .s.d.r.c.RepositoryConfigurationDelegate : Finished Spring Data repository scanning in 94 ms. Found 2 JPA repository interfaces.
2022-11-15 13:10:19.768  INFO 3000 --- [restartedMain] o.s.b.w.embedded.tomcat.TomcatWebServer  : Tomcat initialized with port(s): 9090 (http)
2022-11-15 13:10:19.785  INFO 3000 --- [restartedMain] o.apache.catalina.core.StandardService   : Starting service [Tomcat]
2022-11-15 13:10:19.786  INFO 3000 --- [restartedMain] org.apache.catalina.core.StandardEngine  : Starting Servlet engine: [Apache Tomcat/9.0.68]
2022-11-15 13:10:19.977  INFO 3000 --- [restartedMain] o.a.c.c.C.[Tomcat].[localhost].[/]       : Initializing Spring embedded WebApplicationContext
2022-11-15 13:10:19.978  INFO 3000 --- [restartedMain] w.s.c.ServletWebServerApplicationContext : Root WebApplicationContext: initialization completed in 3312 ms
2022-11-15 13:10:20.453  INFO 3000 --- [restartedMain] o.hibernate.jpa.internal.util.LogHelper  : HHH000204: Processing PersistenceUnitInfo [name: default]
2022-11-15 13:10:20.586  INFO 3000 --- [restartedMain] org.hibernate.Version                    : HHH000412: Hibernate ORM core version 5.6.12.Final
2022-11-15 13:10:20.953  INFO 3000 --- [restartedMain] o.hibernate.annotations.common.Version   : HCANN000001: Hibernate Commons Annotations {5.1.2.Final}
2022-11-15 13:10:21.178  INFO 3000 --- [restartedMain] com.zaxxer.hikari.HikariDataSource       : HikariPool-1 - Starting...
2022-11-15 13:10:21.919  INFO 3000 --- [restartedMain] com.zaxxer.hikari.HikariDataSource       : HikariPool-1 - Start completed.
2022-11-15 13:10:21.968  INFO 3000 --- [restartedMain] org.hibernate.dialect.Dialect            : HHH000400: Using dialect: org.hibernate.dialect.MySQL8Dialect
2022-11-15 13:10:23.645  INFO 3000 --- [restartedMain] o.h.e.t.j.p.i.JtaPlatformInitiator       : HHH000490: Using JtaPlatform implementation: [org.hibernate.engine.transaction.jta.platform.internal.NoJtaPlatform]
2022-11-15 13:10:23.667  INFO 3000 --- [restartedMain] j.LocalContainerEntityManagerFactoryBean : Initialized JPA EntityManagerFactory for persistence unit 'default'
2022-11-15 13:10:25.376  WARN 3000 --- [restartedMain] JpaBaseConfiguration$JpaWebConfiguration : spring.jpa.open-in-view is enabled by default. Therefore, database queries may be performed during view rendering. Explicitly configure spring.jpa.open-in-view to disable this warning
2022-11-15 13:10:25.643  INFO 3000 --- [restartedMain] pertySourcedRequestMappingHandlerMapping : Mapped URL path [/v2/api-docs] onto method [springfox.documentation.swagger2.web.Swagger2Controller#getDocumentation(String, HttpServletRequest)]
2022-11-15 13:10:25.834  INFO 3000 --- [restartedMain] o.s.b.d.a.OptionalLiveReloadServer       : LiveReload server is running on port 35729
2022-11-15 13:10:27.281  INFO 3000 --- [restartedMain] o.s.b.w.embedded.tomcat.TomcatWebServer  : Tomcat started on port(s): 9090 (http) with context path ''
2022-11-15 13:10:27.283  INFO 3000 --- [restartedMain] d.s.w.p.DocumentationPluginsBootstrapper : Context refreshed
2022-11-15 13:10:27.318  INFO 3000 --- [restartedMain] d.s.w.p.DocumentationPluginsBootstrapper : Found 1 custom documentation plugin(s)
2022-11-15 13:10:27.375  INFO 3000 --- [restartedMain] s.d.s.w.s.ApiListingReferenceScanner     : Scanning for api listing references
2022-11-15 13:10:27.547  INFO 3000 --- [restartedMain] .d.s.w.r.o.CachingOperationNameGenerator : Generating unique operation named: getUsingGET_1
2022-11-15 13:10:27.591  INFO 3000 --- [restartedMain] .d.s.w.r.o.CachingOperationNameGenerator : Generating unique operation named: addUsingPOST_1
2022-11-15 13:10:27.598  INFO 3000 --- [restartedMain] .d.s.w.r.o.CachingOperationNameGenerator : Generating unique operation named: deleteUsingDELETE_1
2022-11-15 13:10:27.603  INFO 3000 --- [restartedMain] .d.s.w.r.o.CachingOperationNameGenerator : Generating unique operation named: getUsingGET_2
2022-11-15 13:10:27.608  INFO 3000 --- [restartedMain] .d.s.w.r.o.CachingOperationNameGenerator : Generating unique operation named: getUsingGET_3
2022-11-15 13:10:27.612  INFO 3000 --- [restartedMain] .d.s.w.r.o.CachingOperationNameGenerator : Generating unique operation named: getUsingGET_4
2022-11-15 13:10:27.649  INFO 3000 --- [restartedMain] com.student.ust.UstApplication           : Started UstApplication in 11.856 seconds (JVM running for 12.951)
2022-11-15 13:12:03.131  INFO 3000 --- [http-nio-9090-exec-2] o.a.c.c.C.[Tomcat].[localhost].[/]       : Initializing Spring DispatcherServlet 'dispatcherServlet'
2022-11-15 13:12:03.132  INFO 3000 --- [http-nio-9090-exec-2] o.s.web.servlet.DispatcherServlet        : Initializing Servlet 'dispatcherServlet'
2022-11-15 13:12:03.135  INFO 3000 --- [http-nio-9090-exec-2] o.s.web.servlet.DispatcherServlet        : Completed initialization in 2 ms
2022-11-15 13:12:03.184 DEBUG 3000 --- [http-nio-9090-exec-2] com.student.ust.service.StudentService   : All Students
2022-11-15 13:12:03.247 DEBUG 3000 --- [http-nio-9090-exec-2] org.hibernate.SQL                        : select student0_.student_id as student_1_1_, student0_.age as age2_1_, student0_.create_date_time as create_d3_1_, student0_.email as email4_1_, student0_.modified_date_time as modified5_1_, student0_.name as name6_1_, student0_.password as password7_1_, student0_.roll_number as roll_num8_1_ from student_ust_mapped_by student0_
2022-11-15 13:12:03.261 TRACE 3000 --- [http-nio-9090-exec-2] o.h.type.descriptor.sql.BasicExtractor   : extracted value ([student_1_1_] : [INTEGER]) - [1]
2022-11-15 13:12:03.270 TRACE 3000 --- [http-nio-9090-exec-2] o.h.type.descriptor.sql.BasicExtractor   : extracted value ([age2_1_] : [INTEGER]) - [24]
2022-11-15 13:12:03.272 TRACE 3000 --- [http-nio-9090-exec-2] o.h.type.descriptor.sql.BasicExtractor   : extracted value ([create_d3_1_] : [TIMESTAMP]) - [2022-11-14T12:15:55.463]
2022-11-15 13:12:03.272 TRACE 3000 --- [http-nio-9090-exec-2] o.h.type.descriptor.sql.BasicExtractor   : extracted value ([email4_1_] : [VARCHAR]) - [kiran@gmail.com]
2022-11-15 13:12:03.273 TRACE 3000 --- [http-nio-9090-exec-2] o.h.type.descriptor.sql.BasicExtractor   : extracted value ([modified5_1_] : [TIMESTAMP]) - [2022-11-14T12:15:55.463]
2022-11-15 13:12:03.273 TRACE 3000 --- [http-nio-9090-exec-2] o.h.type.descriptor.sql.BasicExtractor   : extracted value ([name6_1_] : [VARCHAR]) - [Kiran]
2022-11-15 13:12:03.273 TRACE 3000 --- [http-nio-9090-exec-2] o.h.type.descriptor.sql.BasicExtractor   : extracted value ([password7_1_] : [VARCHAR]) - [3dd4c0c3c801c6b39f15b20b1371766876556b50590641c4504e4de2f5ae45e6]
2022-11-15 13:12:03.273 TRACE 3000 --- [http-nio-9090-exec-2] o.h.type.descriptor.sql.BasicExtractor   : extracted value ([roll_num8_1_] : [INTEGER]) - [3]
2022-11-15 13:12:03.275 TRACE 3000 --- [http-nio-9090-exec-2] o.h.type.descriptor.sql.BasicExtractor   : extracted value ([student_1_1_] : [INTEGER]) - [2]
2022-11-15 13:12:03.275 TRACE 3000 --- [http-nio-9090-exec-2] o.h.type.descriptor.sql.BasicExtractor   : extracted value ([age2_1_] : [INTEGER]) - [24]
2022-11-15 13:12:03.276 TRACE 3000 --- [http-nio-9090-exec-2] o.h.type.descriptor.sql.BasicExtractor   : extracted value ([create_d3_1_] : [TIMESTAMP]) - [2022-11-14T12:16:45.090]
2022-11-15 13:12:03.276 TRACE 3000 --- [http-nio-9090-exec-2] o.h.type.descriptor.sql.BasicExtractor   : extracted value ([email4_1_] : [VARCHAR]) - [Namitha@gmail.com]
2022-11-15 13:12:03.276 TRACE 3000 --- [http-nio-9090-exec-2] o.h.type.descriptor.sql.BasicExtractor   : extracted value ([modified5_1_] : [TIMESTAMP]) - [2022-11-14T12:16:45.090]
2022-11-15 13:12:03.276 TRACE 3000 --- [http-nio-9090-exec-2] o.h.type.descriptor.sql.BasicExtractor   : extracted value ([name6_1_] : [VARCHAR]) - [Namitha]
2022-11-15 13:12:03.276 TRACE 3000 --- [http-nio-9090-exec-2] o.h.type.descriptor.sql.BasicExtractor   : extracted value ([password7_1_] : [VARCHAR]) - [3dd4c0c3c801c6b39f15b20b1371766876556b50590641c4504e4de2f5ae45e6]
2022-11-15 13:12:03.276 TRACE 3000 --- [http-nio-9090-exec-2] o.h.type.descriptor.sql.BasicExtractor   : extracted value ([roll_num8_1_] : [INTEGER]) - [4]
